C51 COMPILER V9.60.0.0   MAIN                                                              04/03/2021 10:18:28 PAGE 1   


C51 COMPILER V9.60.0.0, COMPILATION OF MODULE MAIN
OBJECT MODULE PLACED IN .\Objects\main.obj
COMPILER INVOKED BY: C:\Keil_v5\C51\BIN\C51.exe main.c OPTIMIZE(8,SPEED) BROWSE DEBUG OBJECTEXTEND PRINT(.\Listings\main
                    -.lst) TABS(2) OBJECT(.\Objects\main.obj)

line level    source

   1          #include <REG517A.H>
   2          
   3          int LUT[] = {65535,58981,52428,45875,39321,32768,26214,19660,13107,6553};
   4          
   5          bit is_TI_busy = 0;
   6          
   7          bit new_byte_arrived = 0; //variavel auxiliar para comunicação da interrupção com a main()
   8          
   9          char index = 0;
  10          
  11          void serial_int() interrupt 4
  12          {
  13   1        if(TI0){
  14   2          is_TI_busy = 0;
  15   2          TI0=0; //preciso zerar o TI pois isso não seria feito automaticamente, isso é necessario para evitar que
             - a interrupção seja chamada indevidamente
  16   2        }
  17   1        if(RI0){
  18   2          new_byte_arrived = 1; 
  19   2          RI0 = 0; //preciso zerar o RI pois isso não seria feito automaticamente, isso é necessario para evitar q
             -ue a interrupção seja chamada indevidamente
  20   2        }
  21   1      }
  22          
  23          void inicializa_serial(){
  24   1        S0CON = (S0CON & 0x0F)| 0x50; //setando o SM0|SM1|SM2|REN para 0101, para a serial operar no modo 1.
  25   1        PCON |= 0x80; //setando o smod para 1 para conseguir um boudrate mais proximo de 1200bps
  26   1        ADCON0 = 0x80 | ADCON0;
  27   1      
  28   1      }
  29          
  30          void set_compare_register(int index){
  31   1        CM0 = CM1 = CM2 = CM3 = CM4 = CM5 = CM6 = CM7 = LUT[index];
  32   1      }
  33          
  34          void inicializa_compare_timer(){
  35   1        CTREL = 0;
  36   1        CMSEL = 0xff;
  37   1        CMEN = 0Xff;
  38   1        //IEN2 = IEN2 | 0x8;
  39   1        set_compare_register(0);
  40   1      }
  41          
  42          void main(void){
  43   1        inicializa_serial(); //configurando o serial para o modo 1
  44   1        EAL = 1; // Habilita o tratamento de interrupções
  45   1        ES0 = 1; // Habilita o tratamento da interrupção do serial quando TI e/ou RI é 1 
  46   1        inicializa_compare_timer();
  47   1      
  48   1        while(1){
  49   2          if(new_byte_arrived){
  50   3            if(!is_TI_busy){
  51   4              index = S0BUF;
  52   4              S0BUF = index;
C51 COMPILER V9.60.0.0   MAIN                                                              04/03/2021 10:18:28 PAGE 2   

  53   4              index -= 48;
  54   4              set_compare_register(index);
  55   4              new_byte_arrived = 0;
  56   4              is_TI_busy = 1;
  57   4            }
  58   3            
  59   3          }
  60   2        }
  61   1      }
  62          


MODULE INFORMATION:   STATIC OVERLAYABLE
   CODE SIZE        =    131    ----
   CONSTANT SIZE    =   ----    ----
   XDATA SIZE       =   ----    ----
   PDATA SIZE       =   ----    ----
   DATA SIZE        =     21    ----
   IDATA SIZE       =   ----    ----
   BIT SIZE         =      2    ----
END OF MODULE INFORMATION.


C51 COMPILATION COMPLETE.  0 WARNING(S),  0 ERROR(S)
