C51 COMPILER V9.60.0.0   PROJ1                                                             01/25/2021 16:30:56 PAGE 1   


C51 COMPILER V9.60.0.0, COMPILATION OF MODULE PROJ1
OBJECT MODULE PLACED IN .\Objects\proj1.obj
COMPILER INVOKED BY: C:\Keil_v5\C51\BIN\C51.exe proj1.c OPTIMIZE(8,SPEED) BROWSE DEBUG OBJECTEXTEND PRINT(.\Listings\pro
                    -j1.lst) TABS(2) OBJECT(.\Objects\proj1.obj)

line level    source

   1          #include <REG51F.H>
   2          
   3          sbit c1 = P2^0;
   4          sbit c2 = P2^1;
   5          
   6          void main(){
   7   1        while(1){
   8   2          if(c1){
   9   3            P1 = (P1 & 0xf0) | (P2 & 0x0f);
  10   3          }else{
  11   3            P1 = P1 & 0xf0;
  12   3          } 
  13   2          if(c2){
  14   3            P0 = (P1 & 0xf0) | (P0 & 0x0f);
  15   3          }else{
  16   3            P0 = P0 & 0x0f;
  17   3          }
  18   2        }
  19   1      }


MODULE INFORMATION:   STATIC OVERLAYABLE
   CODE SIZE        =     42    ----
   CONSTANT SIZE    =   ----    ----
   XDATA SIZE       =   ----    ----
   PDATA SIZE       =   ----    ----
   DATA SIZE        =   ----    ----
   IDATA SIZE       =   ----    ----
   BIT SIZE         =   ----    ----
END OF MODULE INFORMATION.


C51 COMPILATION COMPLETE.  0 WARNING(S),  0 ERROR(S)
