C51 COMPILER V9.60.0.0   PROJ2                                                             02/01/2021 15:50:58 PAGE 1   


C51 COMPILER V9.60.0.0, COMPILATION OF MODULE PROJ2
OBJECT MODULE PLACED IN .\Objects\proj2.obj
COMPILER INVOKED BY: C:\Keil_v5\C51\BIN\C51.exe proj2.c OPTIMIZE(8,SPEED) BROWSE DEBUG OBJECTEXTEND PRINT(.\Listings\pro
                    -j2.lst) TABS(2) OBJECT(.\Objects\proj2.obj)

line level    source

   1          #include <REG51F.H>
   2          
   3          sbit bit0deP2 = P2^0;
   4          sbit bit1deP2 = P2^1;
   5          
   6          unsigned int TEMP_EXEC = 120000;
   7          
   8          void SMLowerBits();
   9          void SMHigherBits();
  10          
  11          void main(){
  12   1        while(1){
  13   2          SMLowerBits();
  14   2          SMHigherBits();
  15   2        }
  16   1      }
  17          
  18          void SMLowerBits(){
  19   1        static unsigned char state = 2;
  20   1        static unsigned int count = 0;
  21   1        switch(state){
  22   2          case 0:
  23   2            if(bit0deP2){
  24   3              P1 = (P1 & 0xf0) | (P0 & 0x0f);
  25   3              state = 1;
  26   3            }
  27   2          break;
  28   2          case 1:
  29   2            count++;
  30   2            if(count > TEMP_EXEC){
  31   3              count = 0;
  32   3              P1 = (P1 & 0xf0);
  33   3              state = 2;
  34   3            }
  35   2          break;
  36   2          case 2:
  37   2            if(!bit0deP2){
  38   3              state = 0;
  39   3            }
  40   2          break;
  41   2          
  42   2        }
  43   1      }
  44          
  45          void SMHigherBits(){
  46   1        static unsigned char state = 2;
  47   1        static unsigned int count = 0;
  48   1        switch(state){
  49   2          case 0:
  50   2            if(bit1deP2){
  51   3              P1 = (P0 & 0xf0) | (P1 & 0x0f);
  52   3              state = 1;
  53   3            }
  54   2          break;
C51 COMPILER V9.60.0.0   PROJ2                                                             02/01/2021 15:50:58 PAGE 2   

  55   2          case 1:
  56   2            count++;
  57   2            if(count > TEMP_EXEC){
  58   3              count = 0;
  59   3              P1 = (P1 & 0x0f);
  60   3              state = 2;
  61   3            }
  62   2          break;
  63   2          case 2:
  64   2            if(!bit1deP2){
  65   3              state = 0;
  66   3            }
  67   2          break;
  68   2          
  69   2        }
  70   1      }


MODULE INFORMATION:   STATIC OVERLAYABLE
   CODE SIZE        =    142    ----
   CONSTANT SIZE    =   ----    ----
   XDATA SIZE       =   ----    ----
   PDATA SIZE       =   ----    ----
   DATA SIZE        =      8    ----
   IDATA SIZE       =   ----    ----
   BIT SIZE         =   ----    ----
END OF MODULE INFORMATION.


C51 COMPILATION COMPLETE.  0 WARNING(S),  0 ERROR(S)
